<?xml version="1.0" encoding="UTF-8"?>
<!-- Generated by org.testng.reporters.JUnitXMLReporter -->
<testsuite ignored="0" hostname="HENRY-PC" failures="1" tests="1" name="Test" time="10.39" errors="0" timestamp="2026-02-24T15:02:08 EST">
  <testcase classname="registertests.RegisterTrimSpacesTest" name="verifyLeadingTrailingSpacesAreTrimmed" time="4.503">
    <failure type="java.lang.AssertionError" message="First Name not trimmed expected [John] but found [  John  ]">
      <![CDATA[java.lang.AssertionError: First Name not trimmed expected [John] but found [  John  ]
at registertests.RegisterTrimSpacesTest.verifyLeadingTrailingSpacesAreTrimmed(RegisterTrimSpacesTest.java:38)
at java.base/java.util.ArrayList.forEach(ArrayList.java:1596)
... Removed 30 stack frames]]>
    </failure>
  </testcase> <!-- verifyLeadingTrailingSpacesAreTrimmed -->
</testsuite> <!-- Test -->
