<?xml version="1.0" encoding="UTF-8"?>
<!-- Generated by org.testng.reporters.JUnitXMLReporter -->
<testsuite ignored="0" hostname="HENRY-PC" failures="0" tests="3" name="Chrome Test" time="38.508" errors="0" timestamp="2026-02-21T16:05:25 EST">
  <testcase classname="registertests.RegisterMandatoryFieldsTest" name="verifyRegisterWithMandatoryFields" time="6.917"/>
  <testcase classname="registertests.RegisterAllFieldsTest" name="verifyRegisterWithAllFields" time="7.857"/>
  <testcase classname="registertests.RegisterWithEmptyFieldsTest" name="verifyMandatoryFieldWarningsWhenSubmittingEmptyForm" time="3.819"/>
</testsuite> <!-- Chrome Test -->
