<?xml version="1.0" encoding="UTF-8"?>
<!-- Generated by org.testng.reporters.JUnitXMLReporter -->
<testsuite ignored="0" hostname="HENRY-PC" failures="0" tests="2" name="Edge Test" time="30.69" errors="0" timestamp="2026-02-21T16:05:20 EST">
  <testcase classname="registertests.RegisterMandatoryFieldsTest" name="verifyRegisterWithMandatoryFields" time="5.534"/>
  <testcase classname="registertests.RegisterAllFieldsTest" name="verifyRegisterWithAllFields" time="5.869"/>
</testsuite> <!-- Edge Test -->
