<?xml version="1.0" encoding="UTF-8"?>
<!-- Generated by org.testng.reporters.JUnitXMLReporter -->
<testsuite ignored="0" hostname="HENRY-PC" failures="0" tests="2" name="Firefox Test" time="47.101" errors="0" timestamp="2026-02-21T16:05:34 EST">
  <testcase classname="registertests.RegisterMandatoryFieldsTest" name="verifyRegisterWithMandatoryFields" time="6.83"/>
  <testcase classname="registertests.RegisterAllFieldsTest" name="verifyRegisterWithAllFields" time="3.789"/>
</testsuite> <!-- Firefox Test -->
