<?xml version="1.0" encoding="UTF-8"?>
<testsuite xmlns:xsi="http://www.w3.org/2001/XMLSchema-instance" xsi:noNamespaceSchemaLocation="https://maven.apache.org/surefire/maven-surefire-plugin/xsd/surefire-test-report.xsd" version="3.0.2" name="TestSuite" time="17.676" tests="1" errors="0" skipped="0" failures="0">
  <properties>
[...]
</properties>
  <testcase name="verifyLoginAfterPasswordChange" classname="logintests.LoginAfterPasswordChangeTest" time="11.542">
    <system-out><![CDATA[20:48:07.821 [main] INFO  logintests.LoginAfterPasswordChangeTest - Starting test on browser: chrome | Headless: false
20:48:08.212 [main] INFO  io.github.bonigarcia.wdm.WebDriverManager - Using chromedriver 145.0.7632.117 (resolved driver for Chrome 145)
20:48:08.266 [main] INFO  io.github.bonigarcia.wdm.WebDriverManager - Exporting webdriver.chrome.driver as C:\Users\henry\.cache\selenium\chromedriver\win64\145.0.7632.117\chromedriver.exe
20:48:12.197 [main] INFO  logintests.LoginAfterPasswordChangeTest - ===== TEST STARTED =====
20:48:12.213 [main] INFO  pages.HomePage - Navigating to Login Page
20:48:13.067 [main] INFO  pages.LoginPage - Performing login with valid credentials
20:48:13.912 [main] INFO  pages.AccountPage - Clicking Change Password link
20:48:15.978 [main] INFO  pages.ChangePasswordPage - Business Flow: Change Password
20:48:15.978 [main] INFO  pages.ChangePasswordPage - Entering New Password
20:48:16.423 [main] INFO  pages.ChangePasswordPage - Clicking Continue button
20:48:16.580 [main] INFO  pages.ChangePasswordPage - Validating password change success message
20:48:18.096 [main] INFO  pages.AccountPage - Log out from the account
20:48:18.096 [main] INFO  pages.AccountPage - Clicking my account dropdown menu
20:48:18.254 [main] INFO  pages.AccountPage - Clicking on logout link
20:48:19.170 [main] INFO  pages.LogoutPage - Clicking continue button
20:48:19.728 [main] INFO  pages.HomePage - Navigating to Login Page
20:48:20.378 [main] INFO  pages.LoginPage - Executing login with invalid credentials
20:48:21.010 [main] INFO  pages.LoginPage - Checking if warning message is displayed
20:48:22.122 [main] INFO  pages.LoginPage - Performing login with valid credentials
20:48:23.678 [main] INFO  pages.AccountPage - Validating Account page
20:48:23.720 [main] INFO  logintests.LoginAfterPasswordChangeTest - ===== TEST COMPLETED SUCCESSFULLY =====
]]></system-out>
  </testcase>
</testsuite>