<?xml version="1.0" encoding="UTF-8"?>
<testng-results ignored="0" total="2" passed="2" failed="0" skipped="0">
  <reporter-output>
  </reporter-output>
  <suite started-at="2026-02-20T23:12:49 EST" name="Single Suite" finished-at="2026-02-20T23:13:13 EST" duration-ms="23896">
    <groups>
    </groups>
    <test started-at="2026-02-20T23:12:49 EST" name="Test" finished-at="2026-02-20T23:13:13 EST" duration-ms="23896">
      <class name="registertests.RegisterAllFieldsTest">
        <test-method is-config="true" signature="setUp(java.lang.String)[pri:0, instance:registertests.RegisterAllFieldsTest@3542162a]" started-at="2026-02-20T23:13:07 EST" name="setUp" finished-at="2026-02-20T23:13:10 EST" duration-ms="3046" status="PASS">
          <params>
            <param index="0">
              <value>
                <![CDATA[chrome]]>
              </value>
            </param>
          </params>
          <reporter-output>
          </reporter-output>
        </test-method> <!-- setUp -->
        <test-method signature="verifyRegisterWithAllFields()[pri:0, instance:registertests.RegisterAllFieldsTest@3542162a]" started-at="2026-02-20T23:13:10 EST" name="verifyRegisterWithAllFields" finished-at="2026-02-20T23:13:13 EST" duration-ms="2954" status="PASS">
          <reporter-output>
          </reporter-output>
        </test-method> <!-- verifyRegisterWithAllFields -->
        <test-method is-config="true" signature="tearDown()[pri:0, instance:registertests.RegisterAllFieldsTest@3542162a]" started-at="2026-02-20T23:13:13 EST" name="tearDown" finished-at="2026-02-20T23:13:13 EST" duration-ms="137" status="PASS">
          <reporter-output>
          </reporter-output>
        </test-method> <!-- tearDown -->
      </class> <!-- registertests.RegisterAllFieldsTest -->
      <class name="registertests.RegisterMandatoryFieldsTest">
        <test-method is-config="true" signature="setUp(java.lang.String)[pri:0, instance:registertests.RegisterMandatoryFieldsTest@4ba302e0]" started-at="2026-02-20T23:12:50 EST" name="setUp" finished-at="2026-02-20T23:13:02 EST" duration-ms="12590" status="PASS">
          <params>
            <param index="0">
              <value>
                <![CDATA[chrome]]>
              </value>
            </param>
          </params>
          <reporter-output>
          </reporter-output>
        </test-method> <!-- setUp -->
        <test-method signature="verifyRegisterWithMandatoryFields()[pri:0, instance:registertests.RegisterMandatoryFieldsTest@4ba302e0]" started-at="2026-02-20T23:13:02 EST" name="verifyRegisterWithMandatoryFields" finished-at="2026-02-20T23:13:05 EST" duration-ms="3004" status="PASS">
          <reporter-output>
          </reporter-output>
        </test-method> <!-- verifyRegisterWithMandatoryFields -->
        <test-method is-config="true" signature="tearDown()[pri:0, instance:registertests.RegisterMandatoryFieldsTest@4ba302e0]" started-at="2026-02-20T23:13:05 EST" name="tearDown" finished-at="2026-02-20T23:13:07 EST" duration-ms="1855" status="PASS">
          <reporter-output>
          </reporter-output>
        </test-method> <!-- tearDown -->
      </class> <!-- registertests.RegisterMandatoryFieldsTest -->
    </test> <!-- Test -->
  </suite> <!-- Single Suite -->
</testng-results>
