<?xml version="1.0" encoding="UTF-8"?>
<testng-results ignored="0" total="1" passed="0" failed="1" skipped="0">
  <reporter-output>
  </reporter-output>
  <suite started-at="2026-02-24T15:27:23 EST" name="Single Suite" finished-at="2026-02-24T15:27:31 EST" duration-ms="8551">
    <groups>
    </groups>
    <test started-at="2026-02-24T15:27:23 EST" name="Test" finished-at="2026-02-24T15:27:31 EST" duration-ms="8551">
      <class name="registertests.RegisterTrimSpacesTest">
        <test-method is-config="true" signature="setUp(java.lang.String)[pri:0, instance:registertests.RegisterTrimSpacesTest@57ac5227]" started-at="2026-02-24T15:27:23 EST" name="setUp" finished-at="2026-02-24T15:27:27 EST" duration-ms="3752" status="PASS">
          <params>
            <param index="0">
              <value>
                <![CDATA[chrome]]>
              </value>
            </param>
          </params>
          <reporter-output>
          </reporter-output>
        </test-method> <!-- setUp -->
        <test-method signature="verifyLeadingTrailingSpacesAreTrimmed()[pri:0, instance:registertests.RegisterTrimSpacesTest@57ac5227]" started-at="2026-02-24T15:27:27 EST" name="verifyLeadingTrailingSpacesAreTrimmed" finished-at="2026-02-24T15:27:31 EST" duration-ms="4267" status="FAIL">
          <exception class="java.lang.AssertionError">
            <message>
              <![CDATA[The following asserts failed:
First Name is not trimmed! expected [John] but found [  John  ],
Last Name is not trimmed! expected [Joe] but found [  Joe  ],
Telephone is not trimmed! expected [0123456789] but found [  0123456789  ]]]>
            </message>
            <full-stacktrace>
              <![CDATA[java.lang.AssertionError: The following asserts failed:
First Name is not trimmed! expected [John] but found [  John  ],
Last Name is not trimmed! expected [Joe] but found [  Joe  ],
Telephone is not trimmed! expected [0123456789] but found [  0123456789  ]
at org.testng.asserts.SoftAssert.assertAll(SoftAssert.java:46)
at org.testng.asserts.SoftAssert.assertAll(SoftAssert.java:30)
at registertests.RegisterTrimSpacesTest.verifyLeadingTrailingSpacesAreTrimmed(RegisterTrimSpacesTest.java:44)
at java.base/jdk.internal.reflect.DirectMethodHandleAccessor.invoke(DirectMethodHandleAccessor.java:103)
at java.base/java.lang.reflect.Method.invoke(Method.java:580)
at org.testng.internal.invokers.MethodInvocationHelper.invokeMethod(MethodInvocationHelper.java:141)
at org.testng.internal.invokers.TestInvoker.invokeMethod(TestInvoker.java:697)
at org.testng.internal.invokers.TestInvoker.invokeTestMethod(TestInvoker.java:230)
at org.testng.internal.invokers.MethodRunner.runInSequence(MethodRunner.java:63)
at org.testng.internal.invokers.TestInvoker$MethodInvocationAgent.invoke(TestInvoker.java:1005)
at org.testng.internal.invokers.TestInvoker.invokeTestMethods(TestInvoker.java:203)
at org.testng.internal.invokers.TestMethodWorker.invokeTestMethods(TestMethodWorker.java:154)
at org.testng.internal.invokers.TestMethodWorker.run(TestMethodWorker.java:134)
at java.base/java.util.ArrayList.forEach(ArrayList.java:1596)
at org.testng.TestRunner.privateRun(TestRunner.java:744)
at org.testng.TestRunner.run(TestRunner.java:616)
at org.testng.SuiteRunner.runTest(SuiteRunner.java:421)
at org.testng.SuiteRunner.runSequentially(SuiteRunner.java:413)
at org.testng.SuiteRunner.privateRun(SuiteRunner.java:373)
at org.testng.SuiteRunner.run(SuiteRunner.java:312)
at org.testng.SuiteRunnerWorker.runSuite(SuiteRunnerWorker.java:52)
at org.testng.SuiteRunnerWorker.run(SuiteRunnerWorker.java:95)
at org.testng.TestNG.runSuitesSequentially(TestNG.java:1274)
at org.testng.TestNG.runSuitesLocally(TestNG.java:1208)
at org.testng.TestNG.runSuites(TestNG.java:1112)
at org.testng.TestNG.run(TestNG.java:1079)
at org.apache.maven.surefire.testng.TestNGExecutor.run(TestNGExecutor.java:308)
at org.apache.maven.surefire.testng.TestNGXmlTestSuite.execute(TestNGXmlTestSuite.java:71)
at org.apache.maven.surefire.testng.TestNGProvider.invoke(TestNGProvider.java:113)
at org.apache.maven.surefire.booter.ForkedBooter.runSuitesInProcess(ForkedBooter.java:385)
at org.apache.maven.surefire.booter.ForkedBooter.execute(ForkedBooter.java:162)
at org.apache.maven.surefire.booter.ForkedBooter.run(ForkedBooter.java:507)
at org.apache.maven.surefire.booter.ForkedBooter.main(ForkedBooter.java:495)
]]>
            </full-stacktrace>
          </exception> <!-- java.lang.AssertionError -->
          <reporter-output>
          </reporter-output>
        </test-method> <!-- verifyLeadingTrailingSpacesAreTrimmed -->
        <test-method is-config="true" signature="tearDown()[pri:0, instance:registertests.RegisterTrimSpacesTest@57ac5227]" started-at="2026-02-24T15:27:31 EST" name="tearDown" finished-at="2026-02-24T15:27:31 EST" duration-ms="186" status="PASS">
          <reporter-output>
          </reporter-output>
        </test-method> <!-- tearDown -->
      </class> <!-- registertests.RegisterTrimSpacesTest -->
    </test> <!-- Test -->
  </suite> <!-- Single Suite -->
</testng-results>
