<?xml version="1.0" encoding="UTF-8"?>
<testng-results ignored="0" total="2" passed="2" failed="0" skipped="0">
  <reporter-output>
  </reporter-output>
  <suite started-at="2026-02-19T16:06:15 EST" name="Single Suite" finished-at="2026-02-19T16:06:31 EST" duration-ms="16716">
    <groups>
    </groups>
    <test started-at="2026-02-19T16:06:15 EST" name="Test" finished-at="2026-02-19T16:06:31 EST" duration-ms="16716">
      <class name="registertests.RegisterAllFieldsTest">
        <test-method is-config="true" signature="setUp(java.lang.String)[pri:0, instance:registertests.RegisterAllFieldsTest@2dc54ad4]" started-at="2026-02-19T16:06:24 EST" name="setUp" finished-at="2026-02-19T16:06:28 EST" duration-ms="3657" status="PASS">
          <params>
            <param index="0">
              <value>
                <![CDATA[chrome]]>
              </value>
            </param>
          </params>
          <reporter-output>
          </reporter-output>
        </test-method> <!-- setUp -->
        <test-method signature="verifyRegisterWithAllFields()[pri:0, instance:registertests.RegisterAllFieldsTest@2dc54ad4]" started-at="2026-02-19T16:06:28 EST" name="verifyRegisterWithAllFields" finished-at="2026-02-19T16:06:31 EST" duration-ms="3515" status="PASS">
          <reporter-output>
          </reporter-output>
        </test-method> <!-- verifyRegisterWithAllFields -->
        <test-method is-config="true" signature="tearDown()[pri:0, instance:registertests.RegisterAllFieldsTest@2dc54ad4]" started-at="2026-02-19T16:06:31 EST" name="tearDown" finished-at="2026-02-19T16:06:31 EST" duration-ms="135" status="PASS">
          <reporter-output>
          </reporter-output>
        </test-method> <!-- tearDown -->
      </class> <!-- registertests.RegisterAllFieldsTest -->
      <class name="registertests.RegisterMandatoryFieldsTest">
        <test-method is-config="true" signature="setUp(java.lang.String)[pri:0, instance:registertests.RegisterMandatoryFieldsTest@3c7f66c4]" started-at="2026-02-19T16:06:15 EST" name="setUp" finished-at="2026-02-19T16:06:20 EST" duration-ms="4690" status="PASS">
          <params>
            <param index="0">
              <value>
                <![CDATA[chrome]]>
              </value>
            </param>
          </params>
          <reporter-output>
          </reporter-output>
        </test-method> <!-- setUp -->
        <test-method signature="verifyRegisterWithMandatoryFields()[pri:0, instance:registertests.RegisterMandatoryFieldsTest@3c7f66c4]" started-at="2026-02-19T16:06:20 EST" name="verifyRegisterWithMandatoryFields" finished-at="2026-02-19T16:06:24 EST" duration-ms="4275" status="PASS">
          <reporter-output>
          </reporter-output>
        </test-method> <!-- verifyRegisterWithMandatoryFields -->
        <test-method is-config="true" signature="tearDown()[pri:0, instance:registertests.RegisterMandatoryFieldsTest@3c7f66c4]" started-at="2026-02-19T16:06:24 EST" name="tearDown" finished-at="2026-02-19T16:06:24 EST" duration-ms="131" status="PASS">
          <reporter-output>
          </reporter-output>
        </test-method> <!-- tearDown -->
      </class> <!-- registertests.RegisterMandatoryFieldsTest -->
    </test> <!-- Test -->
  </suite> <!-- Single Suite -->
</testng-results>
