<?xml version="1.0" encoding="UTF-8"?>
<testng-results ignored="0" total="3" passed="3" failed="0" skipped="0">
  <reporter-output>
  </reporter-output>
  <suite started-at="2026-02-26T00:49:42 EST" name="Parallel Cross Browser Suite" finished-at="2026-02-26T00:50:14 EST" duration-ms="32012">
    <groups>
    </groups>
    <test started-at="2026-02-26T00:49:42 EST" name="Chrome Test" finished-at="2026-02-26T00:49:56 EST" duration-ms="14364">
      <class name="logintests.LogoutBackNavigationTest">
        <test-method is-config="true" signature="setUp(java.lang.String)[pri:0, instance:logintests.LogoutBackNavigationTest@4efac082]" started-at="2026-02-26T00:49:42 EST" name="setUp" finished-at="2026-02-26T00:49:48 EST" duration-ms="6172" status="PASS">
          <params>
            <param index="0">
              <value>
                <![CDATA[chrome]]>
              </value>
            </param>
          </params>
          <reporter-output>
          </reporter-output>
        </test-method> <!-- setUp -->
        <test-method signature="verifyLogoutAndBrowserBackNavigation()[pri:0, instance:logintests.LogoutBackNavigationTest@4efac082]" started-at="2026-02-26T00:49:48 EST" name="verifyLogoutAndBrowserBackNavigation" finished-at="2026-02-26T00:49:56 EST" duration-ms="7542" status="PASS">
          <reporter-output>
          </reporter-output>
        </test-method> <!-- verifyLogoutAndBrowserBackNavigation -->
        <test-method is-config="true" signature="tearDown()[pri:0, instance:logintests.LogoutBackNavigationTest@4efac082]" started-at="2026-02-26T00:49:56 EST" name="tearDown" finished-at="2026-02-26T00:49:56 EST" duration-ms="395" status="PASS">
          <reporter-output>
          </reporter-output>
        </test-method> <!-- tearDown -->
      </class> <!-- logintests.LogoutBackNavigationTest -->
    </test> <!-- Chrome Test -->
    <test started-at="2026-02-26T00:49:42 EST" name="Edge Test" finished-at="2026-02-26T00:49:56 EST" duration-ms="14101">
      <class name="logintests.LogoutBackNavigationTest">
        <test-method is-config="true" signature="setUp(java.lang.String)[pri:0, instance:logintests.LogoutBackNavigationTest@2af004b]" started-at="2026-02-26T00:49:42 EST" name="setUp" finished-at="2026-02-26T00:49:50 EST" duration-ms="7703" status="PASS">
          <params>
            <param index="0">
              <value>
                <![CDATA[edge]]>
              </value>
            </param>
          </params>
          <reporter-output>
          </reporter-output>
        </test-method> <!-- setUp -->
        <test-method signature="verifyLogoutAndBrowserBackNavigation()[pri:0, instance:logintests.LogoutBackNavigationTest@2af004b]" started-at="2026-02-26T00:49:50 EST" name="verifyLogoutAndBrowserBackNavigation" finished-at="2026-02-26T00:49:55 EST" duration-ms="5725" status="PASS">
          <reporter-output>
          </reporter-output>
        </test-method> <!-- verifyLogoutAndBrowserBackNavigation -->
        <test-method is-config="true" signature="tearDown()[pri:0, instance:logintests.LogoutBackNavigationTest@2af004b]" started-at="2026-02-26T00:49:55 EST" name="tearDown" finished-at="2026-02-26T00:49:56 EST" duration-ms="405" status="PASS">
          <reporter-output>
          </reporter-output>
        </test-method> <!-- tearDown -->
      </class> <!-- logintests.LogoutBackNavigationTest -->
    </test> <!-- Edge Test -->
    <test started-at="2026-02-26T00:49:42 EST" name="Firefox Test" finished-at="2026-02-26T00:50:14 EST" duration-ms="32012">
      <class name="logintests.LogoutBackNavigationTest">
        <test-method is-config="true" signature="setUp(java.lang.String)[pri:0, instance:logintests.LogoutBackNavigationTest@5d0bf09b]" started-at="2026-02-26T00:49:42 EST" name="setUp" finished-at="2026-02-26T00:50:01 EST" duration-ms="19432" status="PASS">
          <params>
            <param index="0">
              <value>
                <![CDATA[firefox]]>
              </value>
            </param>
          </params>
          <reporter-output>
          </reporter-output>
        </test-method> <!-- setUp -->
        <test-method signature="verifyLogoutAndBrowserBackNavigation()[pri:0, instance:logintests.LogoutBackNavigationTest@5d0bf09b]" started-at="2026-02-26T00:50:01 EST" name="verifyLogoutAndBrowserBackNavigation" finished-at="2026-02-26T00:50:12 EST" duration-ms="10918" status="PASS">
          <reporter-output>
          </reporter-output>
        </test-method> <!-- verifyLogoutAndBrowserBackNavigation -->
        <test-method is-config="true" signature="tearDown()[pri:0, instance:logintests.LogoutBackNavigationTest@5d0bf09b]" started-at="2026-02-26T00:50:12 EST" name="tearDown" finished-at="2026-02-26T00:50:14 EST" duration-ms="1403" status="PASS">
          <reporter-output>
          </reporter-output>
        </test-method> <!-- tearDown -->
      </class> <!-- logintests.LogoutBackNavigationTest -->
    </test> <!-- Firefox Test -->
  </suite> <!-- Parallel Cross Browser Suite -->
</testng-results>
