<?xml version="1.0" encoding="UTF-8"?>
<!-- Generated by org.testng.reporters.JUnitReportReporter -->
<testsuite hostname="HENRY-PC" failures="0" tests="3" name="logout_tests.LogoutFromMyAccountDropdownTest" time="38.580" errors="0" timestamp="2026-03-03T14:27:41 EST" skipped="0">
  <testcase classname="logout_tests.LogoutFromMyAccountDropdownTest" name="verifyLogoutFromMyAccountDropdown" time="11.285"/>
  <testcase classname="logout_tests.LogoutFromMyAccountDropdownTest" name="verifyLogoutFromMyAccountDropdown" time="10.523"/>
  <testcase classname="logout_tests.LogoutFromMyAccountDropdownTest" name="verifyLogoutFromMyAccountDropdown" time="16.772"/>
</testsuite> <!-- logout_tests.LogoutFromMyAccountDropdownTest -->
