<?xml version="1.0" encoding="UTF-8"?>
<!-- Generated by org.testng.reporters.JUnitReportReporter -->
<testsuite hostname="HENRY-PC" failures="0" tests="3" name="logout_tests.LogoutFromRightColumnTest" time="52.258" errors="0" timestamp="2026-03-03T14:46:22 EST" skipped="0">
  <testcase classname="logout_tests.LogoutFromRightColumnTest" name="verifyLogoutOptionFromRightColumn" time="14.380"/>
  <testcase classname="logout_tests.LogoutFromRightColumnTest" name="verifyLogoutOptionFromRightColumn" time="14.122"/>
  <testcase classname="logout_tests.LogoutFromRightColumnTest" name="verifyLogoutOptionFromRightColumn" time="23.756"/>
</testsuite> <!-- logout_tests.LogoutFromRightColumnTest -->
