<?xml version="1.0" encoding="UTF-8"?>
<!-- Generated by org.testng.reporters.JUnitReportReporter -->
<testsuite hostname="HENRY-PC" failures="0" tests="3" name="logintests.ForgottenPasswordLinkTest" time="114.475" errors="0" timestamp="2026-02-25T22:40:10 EST" skipped="0">
  <testcase classname="logintests.ForgottenPasswordLinkTest" name="verifyForgottenPasswordLinkIsClickable" time="49.523"/>
  <testcase classname="logintests.ForgottenPasswordLinkTest" name="verifyForgottenPasswordLinkIsClickable" time="18.532"/>
  <testcase classname="logintests.ForgottenPasswordLinkTest" name="verifyForgottenPasswordLinkIsClickable" time="46.420"/>
</testsuite> <!-- logintests.ForgottenPasswordLinkTest -->
