<?xml version="1.0" encoding="UTF-8"?>
<!-- Generated by org.testng.reporters.JUnitReportReporter -->
<testsuite hostname="HENRY-PC" failures="0" tests="3" name="registertests.RegisterMandatoryFieldsTest" time="50.897" errors="0" timestamp="2026-02-21T16:05:34 EST" skipped="0">
  <testcase classname="registertests.RegisterMandatoryFieldsTest" name="verifyRegisterWithMandatoryFields" time="22.502"/>
  <testcase classname="registertests.RegisterMandatoryFieldsTest" name="verifyRegisterWithMandatoryFields" time="12.508"/>
  <testcase classname="registertests.RegisterMandatoryFieldsTest" name="verifyRegisterWithMandatoryFields" time="15.887"/>
</testsuite> <!-- registertests.RegisterMandatoryFieldsTest -->
