<?xml version="1.0" encoding="UTF-8"?>
<!-- Generated by org.testng.reporters.JUnitReportReporter -->
<testsuite hostname="HENRY-PC" failures="0" tests="3" name="shoppingcart.AddToCartNavigateToShoppingCartTest" time="42.591" errors="0" timestamp="2026-03-05T20:00:27 EST" skipped="0">
  <testcase classname="shoppingcart.AddToCartNavigateToShoppingCartTest" name="verifyShoppingCartNavigationFromSearchPage" time="20.766"/>
  <testcase classname="shoppingcart.AddToCartNavigateToShoppingCartTest" name="verifyShoppingCartNavigationFromSearchPage" time="11.238"/>
  <testcase classname="shoppingcart.AddToCartNavigateToShoppingCartTest" name="verifyShoppingCartNavigationFromSearchPage" time="10.587"/>
</testsuite> <!-- shoppingcart.AddToCartNavigateToShoppingCartTest -->
