<?xml version="1.0" encoding="UTF-8"?>
<!-- Generated by org.testng.reporters.JUnitReportReporter -->
<testsuite hostname="HENRY-PC" failures="0" tests="3" name="registertests.RegisterAllFieldsTest" time="53.115" errors="0" timestamp="2026-02-21T16:05:34 EST" skipped="0">
  <testcase classname="registertests.RegisterAllFieldsTest" name="verifyRegisterWithAllFields" time="14.234"/>
  <testcase classname="registertests.RegisterAllFieldsTest" name="verifyRegisterWithAllFields" time="14.543"/>
  <testcase classname="registertests.RegisterAllFieldsTest" name="verifyRegisterWithAllFields" time="24.338"/>
</testsuite> <!-- registertests.RegisterAllFieldsTest -->
