<?xml version="1.0" encoding="UTF-8"?>
<!-- Generated by org.testng.reporters.JUnitReportReporter -->
<testsuite hostname="HENRY-PC" failures="0" tests="3" name="logintests.LogoutBackNavigationTest" time="59.695" errors="0" timestamp="2026-02-26T00:50:14 EST" skipped="0">
  <testcase classname="logintests.LogoutBackNavigationTest" name="verifyLogoutAndBrowserBackNavigation" time="31.753"/>
  <testcase classname="logintests.LogoutBackNavigationTest" name="verifyLogoutAndBrowserBackNavigation" time="14.109"/>
  <testcase classname="logintests.LogoutBackNavigationTest" name="verifyLogoutAndBrowserBackNavigation" time="13.833"/>
</testsuite> <!-- logintests.LogoutBackNavigationTest -->
