<?xml version="1.0" encoding="UTF-8"?>
<!-- Generated by org.testng.reporters.JUnitReportReporter -->
<testsuite hostname="HENRY-PC" failures="0" tests="3" name="logintests.LoginPasswordMaskTest" time="59.933" errors="0" timestamp="2026-03-01T04:23:10 EST" skipped="0">
  <testcase classname="logintests.LoginPasswordMaskTest" name="verifyPasswordFieldTextIsHidden" time="19.400"/>
  <testcase classname="logintests.LoginPasswordMaskTest" name="verifyPasswordFieldTextIsHidden" time="19.507"/>
  <testcase classname="logintests.LoginPasswordMaskTest" name="verifyPasswordFieldTextIsHidden" time="21.026"/>
</testsuite> <!-- logintests.LoginPasswordMaskTest -->
