<?xml version="1.0" encoding="UTF-8"?>
<!-- Generated by org.testng.reporters.JUnitReportReporter -->
<testsuite hostname="HENRY-PC" failures="0" tests="3" name="registertests.RegisterPasswordConfirmValidationTest" time="36.241" errors="0" timestamp="2026-02-24T21:54:06 EST" skipped="0">
  <testcase classname="registertests.RegisterPasswordConfirmValidationTest" name="verifyRegisteringWithoutPasswordConfirmField" time="9.200"/>
  <testcase classname="registertests.RegisterPasswordConfirmValidationTest" name="verifyRegisteringWithoutPasswordConfirmField" time="8.936"/>
  <testcase classname="registertests.RegisterPasswordConfirmValidationTest" name="verifyRegisteringWithoutPasswordConfirmField" time="18.105"/>
</testsuite> <!-- registertests.RegisterPasswordConfirmValidationTest -->
