<?xml version="1.0" encoding="UTF-8"?>
<!-- Generated by org.testng.reporters.JUnitReportReporter -->
<testsuite hostname="HENRY-PC" failures="0" tests="3" name="testcases.RegisterMandatoryFieldsTest" time="28.791" errors="0" timestamp="2026-02-17T02:34:27 EST" skipped="0">
  <testcase classname="testcases.RegisterMandatoryFieldsTest" name="verifyRegisterWithMandatoryFields" time="8.770"/>
  <testcase classname="testcases.RegisterMandatoryFieldsTest" name="verifyRegisterWithMandatoryFields" time="8.856"/>
  <testcase classname="testcases.RegisterMandatoryFieldsTest" name="verifyRegisterWithMandatoryFields" time="11.165"/>
</testsuite> <!-- testcases.RegisterMandatoryFieldsTest -->
