<?xml version="1.0" encoding="UTF-8"?>
<!-- Generated by org.testng.reporters.JUnitReportReporter -->
<testsuite hostname="HENRY-PC" failures="0" tests="3" name="shoppingcart.ShoppingCartFromSuccessMessageTest" time="52.633" errors="0" timestamp="2026-03-04T23:50:37 EST" skipped="0">
  <testcase classname="shoppingcart.ShoppingCartFromSuccessMessageTest" name="verifyNavigatingToShoppingCartPageFromSuccessMessage" time="25.634"/>
  <testcase classname="shoppingcart.ShoppingCartFromSuccessMessageTest" name="verifyNavigatingToShoppingCartPageFromSuccessMessage" time="13.805"/>
  <testcase classname="shoppingcart.ShoppingCartFromSuccessMessageTest" name="verifyNavigatingToShoppingCartPageFromSuccessMessage" time="13.194"/>
</testsuite> <!-- shoppingcart.ShoppingCartFromSuccessMessageTest -->
