<?xml version="1.0" encoding="UTF-8"?>
<!-- Generated by org.testng.reporters.JUnitReportReporter -->
<testsuite hostname="HENRY-PC" failures="0" tests="3" name="registertests.RegisterWithoutPrivacyPolicyTest" time="36.020" errors="0" timestamp="2026-02-24T19:54:20 EST" skipped="0">
  <testcase classname="registertests.RegisterWithoutPrivacyPolicyTest" name="verifyRegisterWithoutPrivacyPolicyCheckbox" time="9.284"/>
  <testcase classname="registertests.RegisterWithoutPrivacyPolicyTest" name="verifyRegisterWithoutPrivacyPolicyCheckbox" time="17.689"/>
  <testcase classname="registertests.RegisterWithoutPrivacyPolicyTest" name="verifyRegisterWithoutPrivacyPolicyCheckbox" time="9.047"/>
</testsuite> <!-- registertests.RegisterWithoutPrivacyPolicyTest -->
