<?xml version="1.0" encoding="UTF-8"?>
<!-- Generated by org.testng.reporters.JUnitReportReporter -->
<testsuite hostname="HENRY-PC" failures="0" tests="3" name="registertests.RegisterPasswordVisibilityTest" time="28.797" errors="0" timestamp="2026-02-24T20:50:59 EST" skipped="0">
  <testcase classname="registertests.RegisterPasswordVisibilityTest" name="verifyPasswordFieldsAreHidden" time="8.013"/>
  <testcase classname="registertests.RegisterPasswordVisibilityTest" name="verifyPasswordFieldsAreHidden" time="13.701"/>
  <testcase classname="registertests.RegisterPasswordVisibilityTest" name="verifyPasswordFieldsAreHidden" time="7.083"/>
</testsuite> <!-- registertests.RegisterPasswordVisibilityTest -->
