<?xml version="1.0" encoding="UTF-8"?>
<!-- Generated by org.testng.reporters.JUnitReportReporter -->
<testsuite hostname="HENRY-PC" failures="0" tests="3" name="logintests.PasswordFieldTypeTest" time="30.376" errors="0" timestamp="2026-03-01T23:20:03 EST" skipped="0">
  <testcase classname="logintests.PasswordFieldTypeTest" name="verifyPasswordFieldTypeWithRightClick" time="17.270"/>
  <testcase classname="logintests.PasswordFieldTypeTest" name="verifyPasswordFieldTypeWithRightClick" time="7.404"/>
  <testcase classname="logintests.PasswordFieldTypeTest" name="verifyPasswordFieldTypeWithRightClick" time="5.702"/>
</testsuite> <!-- logintests.PasswordFieldTypeTest -->
