<?xml version="1.0" encoding="UTF-8"?>
<!-- Generated by org.testng.reporters.JUnitReportReporter -->
<testsuite hostname="HENRY-PC" failures="0" tests="3" name="logout_tests.LogoutBrowseBackTest" time="32.576" errors="0" timestamp="2026-03-03T15:17:26 EST" skipped="0">
  <testcase classname="logout_tests.LogoutBrowseBackTest" name="verifyLogoutAndBrowseBack" time="14.280"/>
  <testcase classname="logout_tests.LogoutBrowseBackTest" name="verifyLogoutAndBrowseBack" time="9.304"/>
  <testcase classname="logout_tests.LogoutBrowseBackTest" name="verifyLogoutAndBrowseBack" time="8.992"/>
</testsuite> <!-- logout_tests.LogoutBrowseBackTest -->
