<?xml version="1.0" encoding="UTF-8"?>
<!-- Generated by org.testng.reporters.JUnitXMLReporter -->
<testsuite ignored="0" hostname="HENRY-PC" failures="0" tests="1" name="Firefox Test(failed)" time="0.246" errors="0" timestamp="2026-02-10T00:25:03 EST">
  <testcase classname="base.BaseTest" name="@BeforeMethod setUp" time="-1.770701103225E9">
    <failure type="org.testng.TestNGException" message="
Parameter &amp;apos;browser&amp;apos; is required by BeforeMethod on method setUp but has not been marked @Optional or defined
in C:\Users\henry\eclipse-workspace\TutorialsNinjaWebApp\test-output\testng-failed.xml">
      <![CDATA[org.testng.TestNGException: 
Parameter 'browser' is required by BeforeMethod on method setUp but has not been marked @Optional or defined
in C:\Users\henry\eclipse-workspace\TutorialsNinjaWebApp\test-output\testng-failed.xml
at java.base/java.util.ArrayList.forEach(ArrayList.java:1596)
... Removed 28 stack frames]]>
    </failure>
  </testcase> <!-- @BeforeMethod setUp -->
  <testcase classname="testcases.RegisterTest" name="verifyRegisterWithMandatoryFields" time="0.0">
    <skipped/>
  </testcase> <!-- verifyRegisterWithMandatoryFields -->
</testsuite> <!-- Firefox Test(failed) -->
