<?xml version="1.0" encoding="UTF-8"?>
<!-- Generated by org.testng.reporters.JUnitReportReporter -->
<testsuite hostname="HENRY-PC" failures="0" tests="3" name="testcases.RegisterMandatoryFieldsTest" time="85.685" errors="0" timestamp="2026-02-14T21:03:00 EST" skipped="0">
  <testcase classname="testcases.RegisterMandatoryFieldsTest" name="verifyRegisterWithMandatoryFields" time="32.011"/>
  <testcase classname="testcases.RegisterMandatoryFieldsTest" name="verifyRegisterWithMandatoryFields" time="26.436"/>
  <testcase classname="testcases.RegisterMandatoryFieldsTest" name="verifyRegisterWithMandatoryFields" time="27.238"/>
</testsuite> <!-- testcases.RegisterMandatoryFieldsTest -->
