<?xml version="1.0" encoding="UTF-8"?>
<!-- Generated by org.testng.reporters.JUnitReportReporter -->
<testsuite hostname="HENRY-PC" failures="0" tests="3" name="testcases.RegisterAllFieldsTest" time="28.239" errors="0" timestamp="2026-02-10T20:35:30 EST" skipped="0">
  <testcase classname="testcases.RegisterAllFieldsTest" name="verifyRegisterWithAllFields" time="10.455"/>
  <testcase classname="testcases.RegisterAllFieldsTest" name="verifyRegisterWithAllFields" time="9.877"/>
  <testcase classname="testcases.RegisterAllFieldsTest" name="verifyRegisterWithAllFields" time="7.907"/>
</testsuite> <!-- testcases.RegisterAllFieldsTest -->
