<?xml version="1.0" encoding="UTF-8"?>
<!-- Generated by org.testng.reporters.JUnitReportReporter -->
<testsuite hostname="HENRY-PC" failures="0" tests="3" name="registertests.RegisterInvalidEmailTest" time="23.722" errors="0" timestamp="2026-02-22T21:04:26 EST" skipped="0">
  <testcase classname="registertests.RegisterInvalidEmailTest" name="verifyRegisterWithInvalidEmail" time="7.884"/>
  <testcase classname="registertests.RegisterInvalidEmailTest" name="verifyRegisterWithInvalidEmail" time="8.932"/>
  <testcase classname="registertests.RegisterInvalidEmailTest" name="verifyRegisterWithInvalidEmail" time="6.906"/>
</testsuite> <!-- registertests.RegisterInvalidEmailTest -->
