<?xml version="1.0" encoding="UTF-8"?>
<!-- Generated by org.testng.reporters.JUnitReportReporter -->
<testsuite hostname="HENRY-PC" failures="0" tests="3" name="registertests.RegisterInvalidEmailTest" time="27.538" errors="0" timestamp="2026-02-22T01:48:04 EST" skipped="0">
  <testcase classname="registertests.RegisterInvalidEmailTest" name="verifyRegisterWithInvalidEmail" time="10.177"/>
  <testcase classname="registertests.RegisterInvalidEmailTest" name="verifyRegisterWithInvalidEmail" time="9.277"/>
  <testcase classname="registertests.RegisterInvalidEmailTest" name="verifyRegisterWithInvalidEmail" time="8.084"/>
</testsuite> <!-- registertests.RegisterInvalidEmailTest -->
