<?xml version="1.0" encoding="UTF-8"?>
<!-- Generated by org.testng.reporters.JUnitReportReporter -->
<testsuite hostname="HENRY-PC" failures="0" tests="1" name="registertests.RegisterPasswordConfirmValidationTest" time="6.683" errors="0" timestamp="2026-02-24T21:53:23 EST" skipped="0">
  <testcase classname="registertests.RegisterPasswordConfirmValidationTest" name="verifyRegisteringWithoutPasswordConfirmField" time="6.683"/>
</testsuite> <!-- registertests.RegisterPasswordConfirmValidationTest -->
