<?xml version="1.0" encoding="UTF-8"?>
<!-- Generated by org.testng.reporters.JUnitReportReporter -->
<testsuite hostname="HENRY-PC" failures="0" tests="3" name="testcases.RegisterMandatoryFieldsTest" time="62.691" errors="0" timestamp="2026-02-14T03:48:50 EST" skipped="0">
  <testcase classname="testcases.RegisterMandatoryFieldsTest" name="verifyRegisterWithMandatoryFields" time="18.551"/>
  <testcase classname="testcases.RegisterMandatoryFieldsTest" name="verifyRegisterWithMandatoryFields" time="25.616"/>
  <testcase classname="testcases.RegisterMandatoryFieldsTest" name="verifyRegisterWithMandatoryFields" time="18.524"/>
</testsuite> <!-- testcases.RegisterMandatoryFieldsTest -->
