<?xml version="1.0" encoding="UTF-8"?>
<!-- Generated by org.testng.reporters.JUnitReportReporter -->
<testsuite hostname="HENRY-PC" failures="0" tests="3" name="registertests.RegisterMandatoryFieldsTest" time="55.006" errors="0" timestamp="2026-02-19T16:16:38 EST" skipped="0">
  <testcase classname="registertests.RegisterMandatoryFieldsTest" name="verifyRegisterWithMandatoryFields" time="13.370"/>
  <testcase classname="registertests.RegisterMandatoryFieldsTest" name="verifyRegisterWithMandatoryFields" time="20.596"/>
  <testcase classname="registertests.RegisterMandatoryFieldsTest" name="verifyRegisterWithMandatoryFields" time="21.040"/>
</testsuite> <!-- registertests.RegisterMandatoryFieldsTest -->
