<?xml version="1.0" encoding="UTF-8"?>
<!-- Generated by org.testng.reporters.JUnitReportReporter -->
<testsuite hostname="HENRY-PC" failures="0" tests="1" name="shoppingcart.ShoppingCartFromSuccessMessageTest" time="11.077" errors="0" timestamp="2026-03-06T01:54:54 EST" skipped="0">
  <testcase classname="shoppingcart.ShoppingCartFromSuccessMessageTest" name="verifyNavigatingToShoppingCartPageFromSuccessMessage" time="11.077"/>
</testsuite> <!-- shoppingcart.ShoppingCartFromSuccessMessageTest -->
