<?xml version="1.0" encoding="UTF-8"?>
<!-- Generated by org.testng.reporters.JUnitXMLReporter -->
<testsuite ignored="0" hostname="HENRY-PC" failures="1" tests="1" name="Chrome Test" time="10.72" errors="0" timestamp="2026-02-24T15:03:58 EST">
  <testcase classname="registertests.RegisterTrimSpacesTest" name="verifyLeadingTrailingSpacesAreTrimmed" time="5.364">
    <failure type="java.lang.AssertionError" message="First Name not trimmed expected [John] but found [  John  ]">
      <![CDATA[java.lang.AssertionError: First Name not trimmed expected [John] but found [  John  ]
at registertests.RegisterTrimSpacesTest.verifyLeadingTrailingSpacesAreTrimmed(RegisterTrimSpacesTest.java:38)
at java.base/java.util.ArrayList.forEach(ArrayList.java:1596)
at java.base/java.util.concurrent.FutureTask.run(FutureTask.java:317)
at java.base/java.util.concurrent.ThreadPoolExecutor.runWorker(ThreadPoolExecutor.java:1144)
at java.base/java.util.concurrent.ThreadPoolExecutor$Worker.run(ThreadPoolExecutor.java:642)
at java.base/java.lang.Thread.run(Thread.java:1583)
... Removed 20 stack frames]]>
    </failure>
  </testcase> <!-- verifyLeadingTrailingSpacesAreTrimmed -->
</testsuite> <!-- Chrome Test -->
