<?xml version="1.0" encoding="UTF-8"?>
<!-- Generated by org.testng.reporters.JUnitXMLReporter -->
<testsuite ignored="0" hostname="HENRY-PC" failures="0" tests="2" name="Edge Test" time="30.309" errors="0" timestamp="2026-02-19T16:16:31 EST">
  <testcase classname="registertests.RegisterMandatoryFieldsTest" name="verifyRegisterWithMandatoryFields" time="6.086"/>
  <testcase classname="registertests.RegisterAllFieldsTest" name="verifyRegisterWithAllFields" time="5.467"/>
</testsuite> <!-- Edge Test -->
