<?xml version="1.0" encoding="UTF-8"?>
<!-- Generated by org.testng.reporters.JUnitXMLReporter -->
<testsuite ignored="0" hostname="HENRY-PC" failures="0" tests="2" name="Firefox Test" time="37.165" errors="0" timestamp="2026-02-19T16:16:38 EST">
  <testcase classname="registertests.RegisterMandatoryFieldsTest" name="verifyRegisterWithMandatoryFields" time="4.66"/>
  <testcase classname="registertests.RegisterAllFieldsTest" name="verifyRegisterWithAllFields" time="4.259"/>
</testsuite> <!-- Firefox Test -->
